<?xml version="1.0" encoding="UTF-8"?>
<testsuite name="HammingTest" tests="9" skipped="8" failures="0" errors="0" timestamp="2019-07-09T15:32:03" hostname="DESKTOP-NFUVM7J" time="0.015">
  <properties/>
  <testcase name="testCompleteDistanceInSingleLetterDifferentStrands" classname="HammingTest" time="0.0">
    <skipped/>
  </testcase>
  <testcase name="testNoDistanceBetweenEmptyStrands" classname="HammingTest" time="0.004"/>
  <testcase name="testNoDistanceBetweenShortIdenticalStrands" classname="HammingTest" time="0.0">
    <skipped/>
  </testcase>
  <testcase name="testDisallowLeftEmptyStrand" classname="HammingTest" time="0.0">
    <skipped/>
  </testcase>
  <testcase name="testDistanceInLongIdenticalStrands" classname="HammingTest" time="0.0">
    <skipped/>
  </testcase>
  <testcase name="testDisallowRightEmptyStrand" classname="HammingTest" time="0.0">
    <skipped/>
  </testcase>
  <testcase name="testDistanceInLongDifferentStrands" classname="HammingTest" time="0.001">
    <skipped/>
  </testcase>
  <testcase name="testValidatesFirstStrandNotLonger" classname="HammingTest" time="0.0">
    <skipped/>
  </testcase>
  <testcase name="testValidatesSecondStrandNotLonger" classname="HammingTest" time="0.0">
    <skipped/>
  </testcase>
  <system-out><![CDATA[]]></system-out>
  <system-err><![CDATA[]]></system-err>
</testsuite>
